{"C:\\Users\\Win\\Desktop\\le-monde-sucre-de-linda-V2\\frontend\\src\\app\\fonts.ts": {"path":"C:\\Users\\Win\\Desktop\\le-monde-sucre-de-linda-V2\\frontend\\src\\app\\fonts.ts","statementMap":{"0":{"start":{"line":3,"column":13},"end":{"line":3,"column":24}},"1":{"start":{"line":1,"column":33},"end":{"line":1,"column":null}},"2":{"start":{"line":3,"column":24},"end":{"line":7,"column":null}}},"fnMap":{},"branchMap":{},"s":{"0":0,"1":2,"2":2},"f":{},"b":{}}
,"C:\\Users\\Win\\Desktop\\le-monde-sucre-de-linda-V2\\frontend\\src\\app\\connexion\\page.tsx": {"path":"C:\\Users\\Win\\Desktop\\le-monde-sucre-de-linda-V2\\frontend\\src\\app\\connexion\\page.tsx","statementMap":{"0":{"start":{"line":18,"column":24},"end":{"line":18,"column":null}},"1":{"start":{"line":3,"column":36},"end":{"line":3,"column":null}},"2":{"start":{"line":4,"column":18},"end":{"line":4,"column":null}},"3":{"start":{"line":5,"column":17},"end":{"line":5,"column":null}},"4":{"start":{"line":6,"column":26},"end":{"line":6,"column":null}},"5":{"start":{"line":7,"column":23},"end":{"line":7,"column":null}},"6":{"start":{"line":8,"column":40},"end":{"line":8,"column":null}},"7":{"start":{"line":9,"column":25},"end":{"line":9,"column":null}},"8":{"start":{"line":10,"column":24},"end":{"line":10,"column":null}},"9":{"start":{"line":19,"column":17},"end":{"line":19,"column":null}},"10":{"start":{"line":20,"column":36},"end":{"line":20,"column":null}},"11":{"start":{"line":21,"column":42},"end":{"line":21,"column":null}},"12":{"start":{"line":22,"column":28},"end":{"line":22,"column":null}},"13":{"start":{"line":23,"column":32},"end":{"line":23,"column":null}},"14":{"start":{"line":24,"column":34},"end":{"line":28,"column":null}},"15":{"start":{"line":29,"column":44},"end":{"line":29,"column":null}},"16":{"start":{"line":30,"column":36},"end":{"line":30,"column":null}},"17":{"start":{"line":32,"column":2},"end":{"line":44,"column":null}},"18":{"start":{"line":33,"column":22},"end":{"line":42,"column":null}},"19":{"start":{"line":34,"column":6},"end":{"line":41,"column":null}},"20":{"start":{"line":35,"column":25},"end":{"line":35,"column":null}},"21":{"start":{"line":36,"column":8},"end":{"line":38,"column":null}},"22":{"start":{"line":37,"column":10},"end":{"line":37,"column":null}},"23":{"start":{"line":43,"column":4},"end":{"line":43,"column":null}},"24":{"start":{"line":46,"column":23},"end":{"line":80,"column":null}},"25":{"start":{"line":47,"column":4},"end":{"line":47,"column":null}},"26":{"start":{"line":48,"column":4},"end":{"line":48,"column":null}},"27":{"start":{"line":49,"column":4},"end":{"line":49,"column":null}},"28":{"start":{"line":51,"column":4},"end":{"line":55,"column":null}},"29":{"start":{"line":52,"column":6},"end":{"line":52,"column":null}},"30":{"start":{"line":53,"column":6},"end":{"line":53,"column":null}},"31":{"start":{"line":54,"column":6},"end":{"line":54,"column":null}},"32":{"start":{"line":57,"column":4},"end":{"line":79,"column":null}},"33":{"start":{"line":58,"column":21},"end":{"line":61,"column":null}},"34":{"start":{"line":63,"column":6},"end":{"line":73,"column":null}},"35":{"start":{"line":64,"column":8},"end":{"line":64,"column":null}},"36":{"start":{"line":66,"column":8},"end":{"line":66,"column":null}},"37":{"start":{"line":66,"column":33},"end":{"line":66,"column":null}},"38":{"start":{"line":67,"column":8},"end":{"line":72,"column":null}},"39":{"start":{"line":68,"column":10},"end":{"line":68,"column":null}},"40":{"start":{"line":69,"column":10},"end":{"line":69,"column":null}},"41":{"start":{"line":71,"column":10},"end":{"line":71,"column":null}},"42":{"start":{"line":75,"column":6},"end":{"line":75,"column":null}},"43":{"start":{"line":76,"column":6},"end":{"line":76,"column":null}},"44":{"start":{"line":76,"column":31},"end":{"line":76,"column":null}},"45":{"start":{"line":78,"column":6},"end":{"line":78,"column":null}},"46":{"start":{"line":82,"column":23},"end":{"line":88,"column":null}},"47":{"start":{"line":83,"column":43},"end":{"line":83,"column":51}},"48":{"start":{"line":84,"column":4},"end":{"line":87,"column":null}},"49":{"start":{"line":84,"column":25},"end":{"line":87,"column":null}},"50":{"start":{"line":181,"column":37},"end":{"line":181,"column":null}}},"fnMap":{"0":{"name":"LoginPage","decl":{"start":{"line":18,"column":24},"end":{"line":18,"column":null}},"loc":{"start":{"line":18,"column":24},"end":{"line":287,"column":null}}},"1":{"name":"(anonymous_3)","decl":{"start":{"line":32,"column":12},"end":{"line":32,"column":null}},"loc":{"start":{"line":32,"column":12},"end":{"line":44,"column":5}}},"2":{"name":"(anonymous_4)","decl":{"start":{"line":33,"column":22},"end":{"line":33,"column":null}},"loc":{"start":{"line":33,"column":22},"end":{"line":42,"column":null}}},"3":{"name":"(anonymous_5)","decl":{"start":{"line":46,"column":23},"end":{"line":46,"column":30}},"loc":{"start":{"line":46,"column":30},"end":{"line":80,"column":null}}},"4":{"name":"(anonymous_6)","decl":{"start":{"line":66,"column":25},"end":{"line":66,"column":33}},"loc":{"start":{"line":66,"column":33},"end":{"line":66,"column":null}}},"5":{"name":"(anonymous_7)","decl":{"start":{"line":76,"column":23},"end":{"line":76,"column":31}},"loc":{"start":{"line":76,"column":31},"end":{"line":76,"column":null}}},"6":{"name":"(anonymous_8)","decl":{"start":{"line":82,"column":23},"end":{"line":82,"column":24}},"loc":{"start":{"line":82,"column":24},"end":{"line":88,"column":null}}},"7":{"name":"(anonymous_9)","decl":{"start":{"line":84,"column":16},"end":{"line":84,"column":25}},"loc":{"start":{"line":84,"column":25},"end":{"line":87,"column":null}}},"8":{"name":"(anonymous_10)","decl":{"start":{"line":181,"column":31},"end":{"line":181,"column":37}},"loc":{"start":{"line":181,"column":37},"end":{"line":181,"column":null}}}},"branchMap":{"0":{"loc":{"start":{"line":36,"column":8},"end":{"line":38,"column":null}},"type":"if","locations":[{"start":{"line":36,"column":8},"end":{"line":38,"column":null}}]},"1":{"loc":{"start":{"line":36,"column":12},"end":{"line":36,"column":53}},"type":"binary-expr","locations":[{"start":{"line":36,"column":12},"end":{"line":36,"column":28}},{"start":{"line":36,"column":32},"end":{"line":36,"column":53}}]},"2":{"loc":{"start":{"line":51,"column":4},"end":{"line":55,"column":null}},"type":"if","locations":[{"start":{"line":51,"column":4},"end":{"line":55,"column":null}}]},"3":{"loc":{"start":{"line":63,"column":6},"end":{"line":73,"column":null}},"type":"if","locations":[{"start":{"line":63,"column":6},"end":{"line":73,"column":null}},{"start":{"line":65,"column":13},"end":{"line":73,"column":null}}]},"4":{"loc":{"start":{"line":67,"column":8},"end":{"line":72,"column":null}},"type":"if","locations":[{"start":{"line":67,"column":8},"end":{"line":72,"column":null}},{"start":{"line":70,"column":15},"end":{"line":72,"column":null}}]},"5":{"loc":{"start":{"line":86,"column":14},"end":{"line":86,"column":null}},"type":"cond-expr","locations":[{"start":{"line":86,"column":36},"end":{"line":86,"column":46}},{"start":{"line":86,"column":46},"end":{"line":86,"column":null}}]},"6":{"loc":{"start":{"line":127,"column":15},"end":{"line":127,"column":null}},"type":"binary-expr","locations":[{"start":{"line":127,"column":15},"end":{"line":127,"column":null}}]},"7":{"loc":{"start":{"line":167,"column":28},"end":{"line":167,"column":null}},"type":"cond-expr","locations":[{"start":{"line":167,"column":43},"end":{"line":167,"column":52}},{"start":{"line":167,"column":52},"end":{"line":167,"column":null}}]},"8":{"loc":{"start":{"line":186,"column":24},"end":{"line":188,"column":25}},"type":"cond-expr","locations":[{"start":{"line":186,"column":24},"end":{"line":188,"column":25}}]},"9":{"loc":{"start":{"line":220,"column":39},"end":{"line":220,"column":58}},"type":"cond-expr","locations":[{"start":{"line":220,"column":49},"end":{"line":220,"column":53}},{"start":{"line":220,"column":53},"end":{"line":220,"column":58}}]},"10":{"loc":{"start":{"line":221,"column":37},"end":{"line":221,"column":56}},"type":"cond-expr","locations":[{"start":{"line":221,"column":47},"end":{"line":221,"column":51}},{"start":{"line":221,"column":51},"end":{"line":221,"column":56}}]},"11":{"loc":{"start":{"line":224,"column":20},"end":{"line":224,"column":null}},"type":"cond-expr","locations":[{"start":{"line":224,"column":43},"end":{"line":224,"column":77}},{"start":{"line":224,"column":77},"end":{"line":224,"column":null}}]},"12":{"loc":{"start":{"line":224,"column":20},"end":{"line":224,"column":43}},"type":"binary-expr","locations":[{"start":{"line":224,"column":20},"end":{"line":224,"column":31}},{"start":{"line":224,"column":31},"end":{"line":224,"column":43}}]},"13":{"loc":{"start":{"line":226,"column":28},"end":{"line":226,"column":null}},"type":"binary-expr","locations":[{"start":{"line":226,"column":28},"end":{"line":226,"column":39}},{"start":{"line":226,"column":39},"end":{"line":226,"column":null}}]},"14":{"loc":{"start":{"line":229,"column":19},"end":{"line":229,"column":null}},"type":"cond-expr","locations":[{"start":{"line":229,"column":29},"end":{"line":229,"column":55}},{"start":{"line":229,"column":55},"end":{"line":229,"column":null}}]}},"s":{"0":10,"1":2,"2":2,"3":2,"4":2,"5":2,"6":2,"7":2,"8":2,"9":22,"10":22,"11":15,"12":0,"13":0,"14":0,"15":0,"16":0,"17":0,"18":0,"19":0,"20":0,"21":0,"22":0,"23":0,"24":0,"25":0,"26":0,"27":0,"28":0,"29":0,"30":0,"31":0,"32":0,"33":0,"34":0,"35":0,"36":0,"37":0,"38":0,"39":0,"40":0,"41":0,"42":0,"43":0,"44":0,"45":0,"46":0,"47":0,"48":0,"49":0,"50":0},"f":{"0":22,"1":0,"2":0,"3":0,"4":0,"5":0,"6":0,"7":0,"8":0},"b":{"0":[0],"1":[0,0],"2":[0],"3":[0,0],"4":[0,0],"5":[0,0],"6":[0],"7":[0,0],"8":[0],"9":[0,0],"10":[0,0],"11":[0,0],"12":[0,0],"13":[0,0],"14":[0,0]}}
,"C:\\Users\\Win\\Desktop\\le-monde-sucre-de-linda-V2\\frontend\\src\\components\\HelloWorld.tsx": {"path":"C:\\Users\\Win\\Desktop\\le-monde-sucre-de-linda-V2\\frontend\\src\\components\\HelloWorld.tsx","statementMap":{"0":{"start":{"line":15,"column":0},"end":{"line":15,"column":15}},"1":{"start":{"line":1,"column":18},"end":{"line":1,"column":null}},"2":{"start":{"line":7,"column":46},"end":{"line":13,"column":null}},"3":{"start":{"line":15,"column":15},"end":{"line":15,"column":null}}},"fnMap":{"0":{"name":"(anonymous_2)","decl":{"start":{"line":7,"column":46},"end":{"line":7,"column":47}},"loc":{"start":{"line":7,"column":80},"end":{"line":13,"column":null}}}},"branchMap":{"0":{"loc":{"start":{"line":7,"column":49},"end":{"line":7,"column":78}},"type":"default-arg","locations":[{"start":{"line":7,"column":59},"end":{"line":7,"column":78}}]}},"s":{"0":2,"1":1,"2":1,"3":1},"f":{"0":4},"b":{"0":[2]}}
,"C:\\Users\\Win\\Desktop\\le-monde-sucre-de-linda-V2\\frontend\\src\\components\\auth\\ProtectedRoute.tsx": {"path":"C:\\Users\\Win\\Desktop\\le-monde-sucre-de-linda-V2\\frontend\\src\\components\\auth\\ProtectedRoute.tsx","statementMap":{"0":{"start":{"line":11,"column":24},"end":{"line":11,"column":39}},"1":{"start":{"line":1,"column":26},"end":{"line":1,"column":null}},"2":{"start":{"line":2,"column":26},"end":{"line":2,"column":null}},"3":{"start":{"line":3,"column":24},"end":{"line":3,"column":null}},"4":{"start":{"line":4,"column":27},"end":{"line":4,"column":null}},"5":{"start":{"line":12,"column":54},"end":{"line":12,"column":null}},"6":{"start":{"line":13,"column":17},"end":{"line":13,"column":null}},"7":{"start":{"line":15,"column":2},"end":{"line":27,"column":null}},"8":{"start":{"line":16,"column":4},"end":{"line":19,"column":null}},"9":{"start":{"line":17,"column":6},"end":{"line":17,"column":null}},"10":{"start":{"line":18,"column":6},"end":{"line":18,"column":null}},"11":{"start":{"line":21,"column":4},"end":{"line":26,"column":null}},"12":{"start":{"line":22,"column":30},"end":{"line":22,"column":null}},"13":{"start":{"line":22,"column":57},"end":{"line":22,"column":null}},"14":{"start":{"line":23,"column":6},"end":{"line":25,"column":null}},"15":{"start":{"line":24,"column":8},"end":{"line":24,"column":null}},"16":{"start":{"line":29,"column":2},"end":{"line":35,"column":null}},"17":{"start":{"line":37,"column":2},"end":{"line":39,"column":null}},"18":{"start":{"line":38,"column":4},"end":{"line":38,"column":null}},"19":{"start":{"line":41,"column":2},"end":{"line":46,"column":null}},"20":{"start":{"line":42,"column":28},"end":{"line":42,"column":null}},"21":{"start":{"line":42,"column":55},"end":{"line":42,"column":null}},"22":{"start":{"line":43,"column":4},"end":{"line":45,"column":null}},"23":{"start":{"line":44,"column":6},"end":{"line":44,"column":null}}},"fnMap":{"0":{"name":"ProtectedRoute","decl":{"start":{"line":11,"column":24},"end":{"line":11,"column":39}},"loc":{"start":{"line":11,"column":92},"end":{"line":49,"column":null}}},"1":{"name":"(anonymous_3)","decl":{"start":{"line":15,"column":12},"end":{"line":15,"column":null}},"loc":{"start":{"line":15,"column":12},"end":{"line":27,"column":5}}},"2":{"name":"(anonymous_4)","decl":{"start":{"line":22,"column":49},"end":{"line":22,"column":57}},"loc":{"start":{"line":22,"column":57},"end":{"line":22,"column":null}}},"3":{"name":"(anonymous_5)","decl":{"start":{"line":42,"column":47},"end":{"line":42,"column":55}},"loc":{"start":{"line":42,"column":55},"end":{"line":42,"column":null}}}},"branchMap":{"0":{"loc":{"start":{"line":11,"column":51},"end":{"line":11,"column":69}},"type":"default-arg","locations":[{"start":{"line":11,"column":67},"end":{"line":11,"column":69}}]},"1":{"loc":{"start":{"line":16,"column":4},"end":{"line":19,"column":null}},"type":"if","locations":[{"start":{"line":16,"column":4},"end":{"line":19,"column":null}}]},"2":{"loc":{"start":{"line":16,"column":8},"end":{"line":16,"column":38}},"type":"binary-expr","locations":[{"start":{"line":16,"column":8},"end":{"line":16,"column":20}},{"start":{"line":16,"column":20},"end":{"line":16,"column":38}}]},"3":{"loc":{"start":{"line":21,"column":4},"end":{"line":26,"column":null}},"type":"if","locations":[{"start":{"line":21,"column":4},"end":{"line":26,"column":null}}]},"4":{"loc":{"start":{"line":21,"column":8},"end":{"line":21,"column":46}},"type":"binary-expr","locations":[{"start":{"line":21,"column":8},"end":{"line":21,"column":20}},{"start":{"line":21,"column":20},"end":{"line":21,"column":46}}]},"5":{"loc":{"start":{"line":23,"column":6},"end":{"line":25,"column":null}},"type":"if","locations":[{"start":{"line":23,"column":6},"end":{"line":25,"column":null}}]},"6":{"loc":{"start":{"line":29,"column":2},"end":{"line":35,"column":null}},"type":"if","locations":[{"start":{"line":29,"column":2},"end":{"line":35,"column":null}}]},"7":{"loc":{"start":{"line":37,"column":2},"end":{"line":39,"column":null}},"type":"if","locations":[{"start":{"line":37,"column":2},"end":{"line":39,"column":null}}]},"8":{"loc":{"start":{"line":41,"column":2},"end":{"line":46,"column":null}},"type":"if","locations":[{"start":{"line":41,"column":2},"end":{"line":46,"column":null}}]},"9":{"loc":{"start":{"line":43,"column":4},"end":{"line":45,"column":null}},"type":"if","locations":[{"start":{"line":43,"column":4},"end":{"line":45,"column":null}}]}},"s":{"0":8,"1":1,"2":1,"3":1,"4":1,"5":0,"6":0,"7":0,"8":0,"9":0,"10":0,"11":0,"12":0,"13":0,"14":0,"15":0,"16":0,"17":0,"18":0,"19":0,"20":0,"21":0,"22":0,"23":0},"f":{"0":0,"1":0,"2":0,"3":0},"b":{"0":[0],"1":[0],"2":[0,0],"3":[0],"4":[0,0],"5":[0],"6":[0],"7":[0],"8":[0],"9":[0]}}
,"C:\\Users\\Win\\Desktop\\le-monde-sucre-de-linda-V2\\frontend\\src\\components\\ui\\LoadingSpinner.tsx": {"path":"C:\\Users\\Win\\Desktop\\le-monde-sucre-de-linda-V2\\frontend\\src\\components\\ui\\LoadingSpinner.tsx","statementMap":{"0":{"start":{"line":1,"column":24},"end":{"line":1,"column":null}}},"fnMap":{"0":{"name":"LoadingSpinner","decl":{"start":{"line":1,"column":24},"end":{"line":1,"column":null}},"loc":{"start":{"line":1,"column":24},"end":{"line":9,"column":null}}}},"branchMap":{},"s":{"0":0},"f":{"0":0},"b":{}}
,"C:\\Users\\Win\\Desktop\\le-monde-sucre-de-linda-V2\\frontend\\src\\hooks\\useAuth.ts": {"path":"C:\\Users\\Win\\Desktop\\le-monde-sucre-de-linda-V2\\frontend\\src\\hooks\\useAuth.ts","statementMap":{"0":{"start":{"line":17,"column":13},"end":{"line":17,"column":23}},"1":{"start":{"line":1,"column":36},"end":{"line":1,"column":null}},"2":{"start":{"line":2,"column":26},"end":{"line":2,"column":null}},"3":{"start":{"line":3,"column":28},"end":{"line":3,"column":null}},"4":{"start":{"line":17,"column":23},"end":{"line":225,"column":null}},"5":{"start":{"line":18,"column":17},"end":{"line":18,"column":null}},"6":{"start":{"line":19,"column":26},"end":{"line":19,"column":null}},"7":{"start":{"line":20,"column":32},"end":{"line":20,"column":null}},"8":{"start":{"line":21,"column":28},"end":{"line":21,"column":null}},"9":{"start":{"line":23,"column":2},"end":{"line":60,"column":null}},"10":{"start":{"line":24,"column":22},"end":{"line":57,"column":null}},"11":{"start":{"line":25,"column":6},"end":{"line":56,"column":null}},"12":{"start":{"line":26,"column":8},"end":{"line":38,"column":null}},"13":{"start":{"line":27,"column":24},"end":{"line":27,"column":null}},"14":{"start":{"line":28,"column":27},"end":{"line":28,"column":null}},"15":{"start":{"line":29,"column":10},"end":{"line":37,"column":null}},"16":{"start":{"line":30,"column":12},"end":{"line":30,"column":null}},"17":{"start":{"line":32,"column":12},"end":{"line":36,"column":null}},"18":{"start":{"line":32,"column":59},"end":{"line":32,"column":98}},"19":{"start":{"line":33,"column":14},"end":{"line":33,"column":null}},"20":{"start":{"line":35,"column":14},"end":{"line":35,"column":null}},"21":{"start":{"line":40,"column":8},"end":{"line":40,"column":null}},"22":{"start":{"line":41,"column":8},"end":{"line":53,"column":null}},"23":{"start":{"line":42,"column":10},"end":{"line":52,"column":null}},"24":{"start":{"line":43,"column":12},"end":{"line":43,"column":null}},"25":{"start":{"line":44,"column":12},"end":{"line":44,"column":null}},"26":{"start":{"line":45,"column":12},"end":{"line":45,"column":null}},"27":{"start":{"line":46,"column":12},"end":{"line":46,"column":null}},"28":{"start":{"line":47,"column":17},"end":{"line":52,"column":null}},"29":{"start":{"line":48,"column":12},"end":{"line":48,"column":null}},"30":{"start":{"line":49,"column":12},"end":{"line":49,"column":null}},"31":{"start":{"line":50,"column":12},"end":{"line":50,"column":null}},"32":{"start":{"line":51,"column":12},"end":{"line":51,"column":null}},"33":{"start":{"line":55,"column":8},"end":{"line":55,"column":null}},"34":{"start":{"line":59,"column":4},"end":{"line":59,"column":null}},"35":{"start":{"line":62,"column":16},"end":{"line":104,"column":null}},"36":{"start":{"line":63,"column":4},"end":{"line":63,"column":null}},"37":{"start":{"line":64,"column":4},"end":{"line":103,"column":null}},"38":{"start":{"line":65,"column":23},"end":{"line":65,"column":null}},"39":{"start":{"line":67,"column":6},"end":{"line":75,"column":null}},"40":{"start":{"line":68,"column":32},"end":{"line":68,"column":45}},"41":{"start":{"line":69,"column":8},"end":{"line":74,"column":null}},"42":{"start":{"line":70,"column":10},"end":{"line":70,"column":null}},"43":{"start":{"line":71,"column":10},"end":{"line":71,"column":null}},"44":{"start":{"line":72,"column":10},"end":{"line":72,"column":null}},"45":{"start":{"line":73,"column":10},"end":{"line":73,"column":null}},"46":{"start":{"line":77,"column":23},"end":{"line":77,"column":null}},"47":{"start":{"line":78,"column":6},"end":{"line":78,"column":null}},"48":{"start":{"line":79,"column":6},"end":{"line":79,"column":null}},"49":{"start":{"line":81,"column":6},"end":{"line":81,"column":null}},"50":{"start":{"line":82,"column":21},"end":{"line":82,"column":null}},"51":{"start":{"line":84,"column":6},"end":{"line":100,"column":null}},"52":{"start":{"line":85,"column":8},"end":{"line":99,"column":null}},"53":{"start":{"line":86,"column":10},"end":{"line":86,"column":null}},"54":{"start":{"line":87,"column":15},"end":{"line":99,"column":null}},"55":{"start":{"line":88,"column":10},"end":{"line":88,"column":null}},"56":{"start":{"line":89,"column":15},"end":{"line":99,"column":null}},"57":{"start":{"line":90,"column":10},"end":{"line":90,"column":null}},"58":{"start":{"line":91,"column":15},"end":{"line":99,"column":null}},"59":{"start":{"line":92,"column":10},"end":{"line":92,"column":null}},"60":{"start":{"line":93,"column":10},"end":{"line":93,"column":null}},"61":{"start":{"line":94,"column":15},"end":{"line":99,"column":null}},"62":{"start":{"line":95,"column":10},"end":{"line":95,"column":null}},"63":{"start":{"line":96,"column":10},"end":{"line":96,"column":null}},"64":{"start":{"line":97,"column":15},"end":{"line":99,"column":null}},"65":{"start":{"line":98,"column":10},"end":{"line":98,"column":null}},"66":{"start":{"line":101,"column":6},"end":{"line":101,"column":null}},"67":{"start":{"line":102,"column":6},"end":{"line":102,"column":null}},"68":{"start":{"line":106,"column":17},"end":{"line":124,"column":null}},"69":{"start":{"line":107,"column":4},"end":{"line":123,"column":null}},"70":{"start":{"line":108,"column":6},"end":{"line":108,"column":null}},"71":{"start":{"line":109,"column":6},"end":{"line":109,"column":null}},"72":{"start":{"line":110,"column":6},"end":{"line":110,"column":null}},"73":{"start":{"line":111,"column":6},"end":{"line":111,"column":null}},"74":{"start":{"line":113,"column":6},"end":{"line":113,"column":null}},"75":{"start":{"line":114,"column":6},"end":{"line":122,"column":null}},"76":{"start":{"line":115,"column":8},"end":{"line":121,"column":null}},"77":{"start":{"line":116,"column":10},"end":{"line":116,"column":null}},"78":{"start":{"line":117,"column":10},"end":{"line":117,"column":null}},"79":{"start":{"line":118,"column":15},"end":{"line":121,"column":null}},"80":{"start":{"line":119,"column":10},"end":{"line":119,"column":null}},"81":{"start":{"line":120,"column":10},"end":{"line":120,"column":null}},"82":{"start":{"line":126,"column":18},"end":{"line":129,"column":null}},"83":{"start":{"line":127,"column":4},"end":{"line":127,"column":null}},"84":{"start":{"line":127,"column":30},"end":{"line":127,"column":null}},"85":{"start":{"line":128,"column":4},"end":{"line":128,"column":null}},"86":{"start":{"line":128,"column":40},"end":{"line":128,"column":null}},"87":{"start":{"line":131,"column":26},"end":{"line":133,"column":null}},"88":{"start":{"line":132,"column":4},"end":{"line":132,"column":null}},"89":{"start":{"line":135,"column":19},"end":{"line":182,"column":null}},"90":{"start":{"line":142,"column":4},"end":{"line":142,"column":null}},"91":{"start":{"line":143,"column":4},"end":{"line":181,"column":null}},"92":{"start":{"line":144,"column":23},"end":{"line":144,"column":null}},"93":{"start":{"line":146,"column":6},"end":{"line":157,"column":null}},"94":{"start":{"line":147,"column":8},"end":{"line":149,"column":null}},"95":{"start":{"line":148,"column":10},"end":{"line":148,"column":null}},"96":{"start":{"line":151,"column":32},"end":{"line":151,"column":45}},"97":{"start":{"line":152,"column":8},"end":{"line":156,"column":null}},"98":{"start":{"line":153,"column":10},"end":{"line":153,"column":null}},"99":{"start":{"line":154,"column":10},"end":{"line":154,"column":null}},"100":{"start":{"line":155,"column":10},"end":{"line":155,"column":null}},"101":{"start":{"line":159,"column":23},"end":{"line":159,"column":null}},"102":{"start":{"line":160,"column":6},"end":{"line":160,"column":null}},"103":{"start":{"line":161,"column":6},"end":{"line":161,"column":null}},"104":{"start":{"line":163,"column":6},"end":{"line":163,"column":null}},"105":{"start":{"line":164,"column":21},"end":{"line":164,"column":null}},"106":{"start":{"line":166,"column":6},"end":{"line":178,"column":null}},"107":{"start":{"line":167,"column":8},"end":{"line":177,"column":null}},"108":{"start":{"line":168,"column":10},"end":{"line":168,"column":null}},"109":{"start":{"line":169,"column":15},"end":{"line":177,"column":null}},"110":{"start":{"line":170,"column":10},"end":{"line":170,"column":null}},"111":{"start":{"line":171,"column":15},"end":{"line":177,"column":null}},"112":{"start":{"line":172,"column":10},"end":{"line":172,"column":null}},"113":{"start":{"line":173,"column":15},"end":{"line":177,"column":null}},"114":{"start":{"line":174,"column":10},"end":{"line":174,"column":null}},"115":{"start":{"line":175,"column":15},"end":{"line":177,"column":null}},"116":{"start":{"line":176,"column":10},"end":{"line":176,"column":null}},"117":{"start":{"line":179,"column":6},"end":{"line":179,"column":null}},"118":{"start":{"line":180,"column":6},"end":{"line":180,"column":null}},"119":{"start":{"line":184,"column":25},"end":{"line":211,"column":null}},"120":{"start":{"line":185,"column":4},"end":{"line":210,"column":null}},"121":{"start":{"line":186,"column":20},"end":{"line":186,"column":null}},"122":{"start":{"line":187,"column":6},"end":{"line":187,"column":null}},"123":{"start":{"line":187,"column":18},"end":{"line":187,"column":null}},"124":{"start":{"line":189,"column":23},"end":{"line":189,"column":null}},"125":{"start":{"line":190,"column":6},"end":{"line":193,"column":null}},"126":{"start":{"line":191,"column":8},"end":{"line":191,"column":null}},"127":{"start":{"line":192,"column":8},"end":{"line":192,"column":null}},"128":{"start":{"line":194,"column":6},"end":{"line":194,"column":null}},"129":{"start":{"line":196,"column":6},"end":{"line":208,"column":null}},"130":{"start":{"line":197,"column":8},"end":{"line":207,"column":null}},"131":{"start":{"line":198,"column":10},"end":{"line":198,"column":null}},"132":{"start":{"line":199,"column":10},"end":{"line":199,"column":null}},"133":{"start":{"line":200,"column":10},"end":{"line":200,"column":null}},"134":{"start":{"line":201,"column":10},"end":{"line":201,"column":null}},"135":{"start":{"line":202,"column":15},"end":{"line":207,"column":null}},"136":{"start":{"line":203,"column":10},"end":{"line":203,"column":null}},"137":{"start":{"line":204,"column":10},"end":{"line":204,"column":null}},"138":{"start":{"line":205,"column":10},"end":{"line":205,"column":null}},"139":{"start":{"line":206,"column":10},"end":{"line":206,"column":null}},"140":{"start":{"line":209,"column":6},"end":{"line":209,"column":null}},"141":{"start":{"line":213,"column":2},"end":{"line":224,"column":null}}},"fnMap":{"0":{"name":"(anonymous_1)","decl":{"start":{"line":17,"column":23},"end":{"line":17,"column":null}},"loc":{"start":{"line":17,"column":23},"end":{"line":225,"column":null}}},"1":{"name":"(anonymous_2)","decl":{"start":{"line":23,"column":12},"end":{"line":23,"column":null}},"loc":{"start":{"line":23,"column":12},"end":{"line":60,"column":5}}},"2":{"name":"(anonymous_3)","decl":{"start":{"line":24,"column":22},"end":{"line":24,"column":null}},"loc":{"start":{"line":24,"column":22},"end":{"line":57,"column":null}}},"3":{"name":"(anonymous_4)","decl":{"start":{"line":32,"column":46},"end":{"line":32,"column":47}},"loc":{"start":{"line":32,"column":59},"end":{"line":32,"column":98}}},"4":{"name":"(anonymous_5)","decl":{"start":{"line":62,"column":16},"end":{"line":62,"column":23}},"loc":{"start":{"line":62,"column":23},"end":{"line":104,"column":null}}},"5":{"name":"(anonymous_6)","decl":{"start":{"line":106,"column":17},"end":{"line":106,"column":null}},"loc":{"start":{"line":106,"column":17},"end":{"line":124,"column":null}}},"6":{"name":"(anonymous_7)","decl":{"start":{"line":126,"column":18},"end":{"line":126,"column":19}},"loc":{"start":{"line":126,"column":19},"end":{"line":129,"column":null}}},"7":{"name":"(anonymous_8)","decl":{"start":{"line":128,"column":27},"end":{"line":128,"column":28}},"loc":{"start":{"line":128,"column":40},"end":{"line":128,"column":null}}},"8":{"name":"(anonymous_9)","decl":{"start":{"line":131,"column":26},"end":{"line":131,"column":null}},"loc":{"start":{"line":131,"column":26},"end":{"line":133,"column":null}}},"9":{"name":"(anonymous_10)","decl":{"start":{"line":135,"column":19},"end":{"line":135,"column":26}},"loc":{"start":{"line":135,"column":26},"end":{"line":182,"column":null}}},"10":{"name":"(anonymous_11)","decl":{"start":{"line":184,"column":25},"end":{"line":184,"column":null}},"loc":{"start":{"line":184,"column":25},"end":{"line":211,"column":null}}}},"branchMap":{"0":{"loc":{"start":{"line":26,"column":8},"end":{"line":38,"column":null}},"type":"if","locations":[{"start":{"line":26,"column":8},"end":{"line":38,"column":null}}]},"1":{"loc":{"start":{"line":27,"column":24},"end":{"line":27,"column":null}},"type":"binary-expr","locations":[{"start":{"line":27,"column":24},"end":{"line":27,"column":57}},{"start":{"line":27,"column":57},"end":{"line":27,"column":null}}]},"2":{"loc":{"start":{"line":29,"column":10},"end":{"line":37,"column":null}},"type":"if","locations":[{"start":{"line":29,"column":10},"end":{"line":37,"column":null}}]},"3":{"loc":{"start":{"line":32,"column":12},"end":{"line":36,"column":null}},"type":"if","locations":[{"start":{"line":32,"column":12},"end":{"line":36,"column":null}},{"start":{"line":34,"column":19},"end":{"line":36,"column":null}}]},"4":{"loc":{"start":{"line":41,"column":8},"end":{"line":53,"column":null}},"type":"if","locations":[{"start":{"line":41,"column":8},"end":{"line":53,"column":null}}]},"5":{"loc":{"start":{"line":42,"column":10},"end":{"line":52,"column":null}},"type":"if","locations":[{"start":{"line":42,"column":10},"end":{"line":52,"column":null}},{"start":{"line":47,"column":17},"end":{"line":52,"column":null}}]},"6":{"loc":{"start":{"line":42,"column":14},"end":{"line":42,"column":91}},"type":"binary-expr","locations":[{"start":{"line":42,"column":14},"end":{"line":42,"column":51}},{"start":{"line":42,"column":51},"end":{"line":42,"column":91}}]},"7":{"loc":{"start":{"line":47,"column":17},"end":{"line":52,"column":null}},"type":"if","locations":[{"start":{"line":47,"column":17},"end":{"line":52,"column":null}}]},"8":{"loc":{"start":{"line":67,"column":6},"end":{"line":75,"column":null}},"type":"if","locations":[{"start":{"line":67,"column":6},"end":{"line":75,"column":null}}]},"9":{"loc":{"start":{"line":67,"column":10},"end":{"line":67,"column":43}},"type":"binary-expr","locations":[{"start":{"line":67,"column":10},"end":{"line":67,"column":26}},{"start":{"line":67,"column":30},"end":{"line":67,"column":43}}]},"10":{"loc":{"start":{"line":69,"column":8},"end":{"line":74,"column":null}},"type":"if","locations":[{"start":{"line":69,"column":8},"end":{"line":74,"column":null}}]},"11":{"loc":{"start":{"line":69,"column":12},"end":{"line":69,"column":27}},"type":"binary-expr","locations":[{"start":{"line":69,"column":12},"end":{"line":69,"column":20}},{"start":{"line":69,"column":20},"end":{"line":69,"column":27}}]},"12":{"loc":{"start":{"line":77,"column":23},"end":{"line":77,"column":null}},"type":"binary-expr","locations":[{"start":{"line":77,"column":23},"end":{"line":77,"column":39}},{"start":{"line":77,"column":43},"end":{"line":77,"column":null}}]},"13":{"loc":{"start":{"line":84,"column":6},"end":{"line":100,"column":null}},"type":"if","locations":[{"start":{"line":84,"column":6},"end":{"line":100,"column":null}}]},"14":{"loc":{"start":{"line":85,"column":8},"end":{"line":99,"column":null}},"type":"if","locations":[{"start":{"line":85,"column":8},"end":{"line":99,"column":null}},{"start":{"line":87,"column":15},"end":{"line":99,"column":null}}]},"15":{"loc":{"start":{"line":85,"column":12},"end":{"line":85,"column":84}},"type":"binary-expr","locations":[{"start":{"line":85,"column":12},"end":{"line":85,"column":49}},{"start":{"line":85,"column":49},"end":{"line":85,"column":84}}]},"16":{"loc":{"start":{"line":87,"column":15},"end":{"line":99,"column":null}},"type":"if","locations":[{"start":{"line":87,"column":15},"end":{"line":99,"column":null}},{"start":{"line":89,"column":15},"end":{"line":99,"column":null}}]},"17":{"loc":{"start":{"line":87,"column":19},"end":{"line":87,"column":91}},"type":"binary-expr","locations":[{"start":{"line":87,"column":19},"end":{"line":87,"column":56}},{"start":{"line":87,"column":56},"end":{"line":87,"column":91}}]},"18":{"loc":{"start":{"line":89,"column":15},"end":{"line":99,"column":null}},"type":"if","locations":[{"start":{"line":89,"column":15},"end":{"line":99,"column":null}},{"start":{"line":91,"column":15},"end":{"line":99,"column":null}}]},"19":{"loc":{"start":{"line":91,"column":15},"end":{"line":99,"column":null}},"type":"if","locations":[{"start":{"line":91,"column":15},"end":{"line":99,"column":null}},{"start":{"line":94,"column":15},"end":{"line":99,"column":null}}]},"20":{"loc":{"start":{"line":91,"column":19},"end":{"line":91,"column":96}},"type":"binary-expr","locations":[{"start":{"line":91,"column":19},"end":{"line":91,"column":56}},{"start":{"line":91,"column":56},"end":{"line":91,"column":96}}]},"21":{"loc":{"start":{"line":94,"column":15},"end":{"line":99,"column":null}},"type":"if","locations":[{"start":{"line":94,"column":15},"end":{"line":99,"column":null}},{"start":{"line":97,"column":15},"end":{"line":99,"column":null}}]},"22":{"loc":{"start":{"line":94,"column":19},"end":{"line":94,"column":97}},"type":"binary-expr","locations":[{"start":{"line":94,"column":19},"end":{"line":94,"column":56}},{"start":{"line":94,"column":56},"end":{"line":94,"column":97}}]},"23":{"loc":{"start":{"line":97,"column":15},"end":{"line":99,"column":null}},"type":"if","locations":[{"start":{"line":97,"column":15},"end":{"line":99,"column":null}}]},"24":{"loc":{"start":{"line":97,"column":19},"end":{"line":97,"column":77}},"type":"binary-expr","locations":[{"start":{"line":97,"column":19},"end":{"line":97,"column":46}},{"start":{"line":97,"column":46},"end":{"line":97,"column":77}}]},"25":{"loc":{"start":{"line":114,"column":6},"end":{"line":122,"column":null}},"type":"if","locations":[{"start":{"line":114,"column":6},"end":{"line":122,"column":null}}]},"26":{"loc":{"start":{"line":115,"column":8},"end":{"line":121,"column":null}},"type":"if","locations":[{"start":{"line":115,"column":8},"end":{"line":121,"column":null}},{"start":{"line":118,"column":15},"end":{"line":121,"column":null}}]},"27":{"loc":{"start":{"line":115,"column":12},"end":{"line":115,"column":89}},"type":"binary-expr","locations":[{"start":{"line":115,"column":12},"end":{"line":115,"column":49}},{"start":{"line":115,"column":49},"end":{"line":115,"column":89}}]},"28":{"loc":{"start":{"line":118,"column":15},"end":{"line":121,"column":null}},"type":"if","locations":[{"start":{"line":118,"column":15},"end":{"line":121,"column":null}}]},"29":{"loc":{"start":{"line":127,"column":4},"end":{"line":127,"column":null}},"type":"if","locations":[{"start":{"line":127,"column":4},"end":{"line":127,"column":null}}]},"30":{"loc":{"start":{"line":127,"column":8},"end":{"line":127,"column":28}},"type":"binary-expr","locations":[{"start":{"line":127,"column":8},"end":{"line":127,"column":17}},{"start":{"line":127,"column":17},"end":{"line":127,"column":28}}]},"31":{"loc":{"start":{"line":146,"column":6},"end":{"line":157,"column":null}},"type":"if","locations":[{"start":{"line":146,"column":6},"end":{"line":157,"column":null}}]},"32":{"loc":{"start":{"line":146,"column":10},"end":{"line":146,"column":43}},"type":"binary-expr","locations":[{"start":{"line":146,"column":10},"end":{"line":146,"column":26}},{"start":{"line":146,"column":30},"end":{"line":146,"column":43}}]},"33":{"loc":{"start":{"line":147,"column":8},"end":{"line":149,"column":null}},"type":"if","locations":[{"start":{"line":147,"column":8},"end":{"line":149,"column":null}}]},"34":{"loc":{"start":{"line":152,"column":8},"end":{"line":156,"column":null}},"type":"if","locations":[{"start":{"line":152,"column":8},"end":{"line":156,"column":null}}]},"35":{"loc":{"start":{"line":152,"column":12},"end":{"line":152,"column":27}},"type":"binary-expr","locations":[{"start":{"line":152,"column":12},"end":{"line":152,"column":20}},{"start":{"line":152,"column":20},"end":{"line":152,"column":27}}]},"36":{"loc":{"start":{"line":159,"column":23},"end":{"line":159,"column":null}},"type":"binary-expr","locations":[{"start":{"line":159,"column":23},"end":{"line":159,"column":39}},{"start":{"line":159,"column":43},"end":{"line":159,"column":null}}]},"37":{"loc":{"start":{"line":166,"column":6},"end":{"line":178,"column":null}},"type":"if","locations":[{"start":{"line":166,"column":6},"end":{"line":178,"column":null}}]},"38":{"loc":{"start":{"line":167,"column":8},"end":{"line":177,"column":null}},"type":"if","locations":[{"start":{"line":167,"column":8},"end":{"line":177,"column":null}},{"start":{"line":169,"column":15},"end":{"line":177,"column":null}}]},"39":{"loc":{"start":{"line":167,"column":12},"end":{"line":167,"column":81}},"type":"binary-expr","locations":[{"start":{"line":167,"column":12},"end":{"line":167,"column":47}},{"start":{"line":167,"column":47},"end":{"line":167,"column":81}}]},"40":{"loc":{"start":{"line":169,"column":15},"end":{"line":177,"column":null}},"type":"if","locations":[{"start":{"line":169,"column":15},"end":{"line":177,"column":null}},{"start":{"line":171,"column":15},"end":{"line":177,"column":null}}]},"41":{"loc":{"start":{"line":169,"column":19},"end":{"line":169,"column":97}},"type":"binary-expr","locations":[{"start":{"line":169,"column":19},"end":{"line":169,"column":61}},{"start":{"line":169,"column":61},"end":{"line":169,"column":97}}]},"42":{"loc":{"start":{"line":171,"column":15},"end":{"line":177,"column":null}},"type":"if","locations":[{"start":{"line":171,"column":15},"end":{"line":177,"column":null}},{"start":{"line":173,"column":15},"end":{"line":177,"column":null}}]},"43":{"loc":{"start":{"line":173,"column":15},"end":{"line":177,"column":null}},"type":"if","locations":[{"start":{"line":173,"column":15},"end":{"line":177,"column":null}},{"start":{"line":175,"column":15},"end":{"line":177,"column":null}}]},"44":{"loc":{"start":{"line":173,"column":19},"end":{"line":173,"column":91}},"type":"binary-expr","locations":[{"start":{"line":173,"column":19},"end":{"line":173,"column":56}},{"start":{"line":173,"column":56},"end":{"line":173,"column":91}}]},"45":{"loc":{"start":{"line":175,"column":15},"end":{"line":177,"column":null}},"type":"if","locations":[{"start":{"line":175,"column":15},"end":{"line":177,"column":null}}]},"46":{"loc":{"start":{"line":175,"column":19},"end":{"line":175,"column":91}},"type":"binary-expr","locations":[{"start":{"line":175,"column":19},"end":{"line":175,"column":56}},{"start":{"line":175,"column":56},"end":{"line":175,"column":91}}]},"47":{"loc":{"start":{"line":187,"column":6},"end":{"line":187,"column":null}},"type":"if","locations":[{"start":{"line":187,"column":6},"end":{"line":187,"column":null}}]},"48":{"loc":{"start":{"line":190,"column":6},"end":{"line":193,"column":null}},"type":"if","locations":[{"start":{"line":190,"column":6},"end":{"line":193,"column":null}}]},"49":{"loc":{"start":{"line":196,"column":6},"end":{"line":208,"column":null}},"type":"if","locations":[{"start":{"line":196,"column":6},"end":{"line":208,"column":null}}]},"50":{"loc":{"start":{"line":197,"column":8},"end":{"line":207,"column":null}},"type":"if","locations":[{"start":{"line":197,"column":8},"end":{"line":207,"column":null}},{"start":{"line":202,"column":15},"end":{"line":207,"column":null}}]},"51":{"loc":{"start":{"line":197,"column":12},"end":{"line":197,"column":89}},"type":"binary-expr","locations":[{"start":{"line":197,"column":12},"end":{"line":197,"column":49}},{"start":{"line":197,"column":49},"end":{"line":197,"column":89}}]},"52":{"loc":{"start":{"line":202,"column":15},"end":{"line":207,"column":null}},"type":"if","locations":[{"start":{"line":202,"column":15},"end":{"line":207,"column":null}}]}},"s":{"0":8,"1":3,"2":3,"3":3,"4":3,"5":7,"6":7,"7":0,"8":0,"9":0,"10":0,"11":0,"12":0,"13":0,"14":0,"15":0,"16":0,"17":0,"18":0,"19":0,"20":0,"21":0,"22":0,"23":0,"24":0,"25":0,"26":0,"27":0,"28":0,"29":0,"30":0,"31":0,"32":0,"33":0,"34":0,"35":0,"36":0,"37":0,"38":0,"39":0,"40":0,"41":0,"42":0,"43":0,"44":0,"45":0,"46":0,"47":0,"48":0,"49":0,"50":0,"51":0,"52":0,"53":0,"54":0,"55":0,"56":0,"57":0,"58":0,"59":0,"60":0,"61":0,"62":0,"63":0,"64":0,"65":0,"66":0,"67":0,"68":0,"69":0,"70":0,"71":0,"72":0,"73":0,"74":0,"75":0,"76":0,"77":0,"78":0,"79":0,"80":0,"81":0,"82":0,"83":0,"84":0,"85":0,"86":0,"87":0,"88":0,"89":0,"90":0,"91":0,"92":0,"93":0,"94":0,"95":0,"96":0,"97":0,"98":0,"99":0,"100":0,"101":0,"102":0,"103":0,"104":0,"105":0,"106":0,"107":0,"108":0,"109":0,"110":0,"111":0,"112":0,"113":0,"114":0,"115":0,"116":0,"117":0,"118":0,"119":0,"120":0,"121":0,"122":0,"123":0,"124":0,"125":0,"126":0,"127":0,"128":0,"129":0,"130":0,"131":0,"132":0,"133":0,"134":0,"135":0,"136":0,"137":0,"138":0,"139":0,"140":0,"141":0},"f":{"0":7,"1":0,"2":0,"3":0,"4":0,"5":0,"6":0,"7":0,"8":0,"9":0,"10":0},"b":{"0":[0],"1":[0,0],"2":[0],"3":[0,0],"4":[0],"5":[0,0],"6":[0,0],"7":[0],"8":[0],"9":[0,0],"10":[0],"11":[0,0],"12":[0,0],"13":[0],"14":[0,0],"15":[0,0],"16":[0,0],"17":[0,0],"18":[0,0],"19":[0,0],"20":[0,0],"21":[0,0],"22":[0,0],"23":[0],"24":[0,0],"25":[0],"26":[0,0],"27":[0,0],"28":[0],"29":[0],"30":[0,0],"31":[0],"32":[0,0],"33":[0],"34":[0],"35":[0,0],"36":[0,0],"37":[0],"38":[0,0],"39":[0,0],"40":[0,0],"41":[0,0],"42":[0,0],"43":[0,0],"44":[0,0],"45":[0],"46":[0,0],"47":[0],"48":[0],"49":[0],"50":[0,0],"51":[0,0],"52":[0]}}
,"C:\\Users\\Win\\Desktop\\le-monde-sucre-de-linda-V2\\frontend\\src\\providers\\AuthProvider.tsx": {"path":"C:\\Users\\Win\\Desktop\\le-monde-sucre-de-linda-V2\\frontend\\src\\providers\\AuthProvider.tsx","statementMap":{"0":{"start":{"line":32,"column":13},"end":{"line":32,"column":25}},"1":{"start":{"line":119,"column":13},"end":{"line":119,"column":20}},"2":{"start":{"line":1,"column":81},"end":{"line":1,"column":null}},"3":{"start":{"line":2,"column":28},"end":{"line":2,"column":null}},"4":{"start":{"line":30,"column":20},"end":{"line":30,"column":null}},"5":{"start":{"line":32,"column":28},"end":{"line":117,"column":null}},"6":{"start":{"line":33,"column":26},"end":{"line":33,"column":null}},"7":{"start":{"line":34,"column":32},"end":{"line":34,"column":null}},"8":{"start":{"line":35,"column":28},"end":{"line":35,"column":null}},"9":{"start":{"line":37,"column":2},"end":{"line":55,"column":null}},"10":{"start":{"line":38,"column":21},"end":{"line":52,"column":null}},"11":{"start":{"line":39,"column":6},"end":{"line":51,"column":null}},"12":{"start":{"line":40,"column":8},"end":{"line":45,"column":null}},"13":{"start":{"line":41,"column":27},"end":{"line":41,"column":null}},"14":{"start":{"line":42,"column":10},"end":{"line":44,"column":null}},"15":{"start":{"line":43,"column":12},"end":{"line":43,"column":null}},"16":{"start":{"line":47,"column":8},"end":{"line":47,"column":null}},"17":{"start":{"line":48,"column":8},"end":{"line":48,"column":null}},"18":{"start":{"line":50,"column":8},"end":{"line":50,"column":null}},"19":{"start":{"line":54,"column":4},"end":{"line":54,"column":null}},"20":{"start":{"line":57,"column":16},"end":{"line":78,"column":null}},"21":{"start":{"line":58,"column":4},"end":{"line":77,"column":null}},"22":{"start":{"line":59,"column":6},"end":{"line":59,"column":null}},"23":{"start":{"line":60,"column":6},"end":{"line":60,"column":null}},"24":{"start":{"line":61,"column":23},"end":{"line":61,"column":null}},"25":{"start":{"line":63,"column":6},"end":{"line":69,"column":null}},"26":{"start":{"line":64,"column":8},"end":{"line":64,"column":null}},"27":{"start":{"line":65,"column":8},"end":{"line":68,"column":null}},"28":{"start":{"line":71,"column":6},"end":{"line":71,"column":null}},"29":{"start":{"line":73,"column":6},"end":{"line":73,"column":null}},"30":{"start":{"line":74,"column":6},"end":{"line":74,"column":null}},"31":{"start":{"line":76,"column":6},"end":{"line":76,"column":null}},"32":{"start":{"line":80,"column":17},"end":{"line":83,"column":null}},"33":{"start":{"line":81,"column":4},"end":{"line":81,"column":null}},"34":{"start":{"line":82,"column":4},"end":{"line":82,"column":null}},"35":{"start":{"line":85,"column":18},"end":{"line":88,"column":null}},"36":{"start":{"line":86,"column":4},"end":{"line":86,"column":null}},"37":{"start":{"line":86,"column":30},"end":{"line":86,"column":null}},"38":{"start":{"line":87,"column":4},"end":{"line":87,"column":null}},"39":{"start":{"line":87,"column":39},"end":{"line":87,"column":null}},"40":{"start":{"line":90,"column":15},"end":{"line":114,"column":null}},"41":{"start":{"line":100,"column":6},"end":{"line":100,"column":null}},"42":{"start":{"line":103,"column":6},"end":{"line":112,"column":null}},"43":{"start":{"line":104,"column":25},"end":{"line":104,"column":null}},"44":{"start":{"line":105,"column":8},"end":{"line":107,"column":null}},"45":{"start":{"line":106,"column":10},"end":{"line":106,"column":null}},"46":{"start":{"line":108,"column":8},"end":{"line":108,"column":null}},"47":{"start":{"line":110,"column":8},"end":{"line":110,"column":null}},"48":{"start":{"line":111,"column":8},"end":{"line":111,"column":null}},"49":{"start":{"line":119,"column":23},"end":{"line":123,"column":null}},"50":{"start":{"line":120,"column":18},"end":{"line":120,"column":null}},"51":{"start":{"line":121,"column":2},"end":{"line":121,"column":null}},"52":{"start":{"line":121,"column":16},"end":{"line":121,"column":null}},"53":{"start":{"line":122,"column":2},"end":{"line":122,"column":null}}},"fnMap":{"0":{"name":"(anonymous_6)","decl":{"start":{"line":32,"column":28},"end":{"line":32,"column":29}},"loc":{"start":{"line":32,"column":66},"end":{"line":117,"column":null}}},"1":{"name":"(anonymous_7)","decl":{"start":{"line":37,"column":12},"end":{"line":37,"column":null}},"loc":{"start":{"line":37,"column":12},"end":{"line":55,"column":5}}},"2":{"name":"(anonymous_8)","decl":{"start":{"line":38,"column":21},"end":{"line":38,"column":null}},"loc":{"start":{"line":38,"column":21},"end":{"line":52,"column":null}}},"3":{"name":"(anonymous_9)","decl":{"start":{"line":57,"column":16},"end":{"line":57,"column":23}},"loc":{"start":{"line":57,"column":23},"end":{"line":78,"column":null}}},"4":{"name":"(anonymous_10)","decl":{"start":{"line":80,"column":17},"end":{"line":80,"column":null}},"loc":{"start":{"line":80,"column":17},"end":{"line":83,"column":null}}},"5":{"name":"(anonymous_11)","decl":{"start":{"line":85,"column":18},"end":{"line":85,"column":19}},"loc":{"start":{"line":85,"column":19},"end":{"line":88,"column":null}}},"6":{"name":"(anonymous_12)","decl":{"start":{"line":87,"column":27},"end":{"line":87,"column":39}},"loc":{"start":{"line":87,"column":39},"end":{"line":87,"column":null}}},"7":{"name":"(anonymous_13)","decl":{"start":{"line":98,"column":14},"end":{"line":98,"column":21}},"loc":{"start":{"line":98,"column":21},"end":{"line":101,"column":null}}},"8":{"name":"(anonymous_14)","decl":{"start":{"line":102,"column":20},"end":{"line":102,"column":null}},"loc":{"start":{"line":102,"column":20},"end":{"line":113,"column":null}}},"9":{"name":"(anonymous_15)","decl":{"start":{"line":119,"column":23},"end":{"line":119,"column":null}},"loc":{"start":{"line":119,"column":23},"end":{"line":123,"column":null}}}},"branchMap":{"0":{"loc":{"start":{"line":40,"column":8},"end":{"line":45,"column":null}},"type":"if","locations":[{"start":{"line":40,"column":8},"end":{"line":45,"column":null}}]},"1":{"loc":{"start":{"line":42,"column":10},"end":{"line":44,"column":null}},"type":"if","locations":[{"start":{"line":42,"column":10},"end":{"line":44,"column":null}}]},"2":{"loc":{"start":{"line":42,"column":14},"end":{"line":42,"column":55}},"type":"binary-expr","locations":[{"start":{"line":42,"column":14},"end":{"line":42,"column":30}},{"start":{"line":42,"column":34},"end":{"line":42,"column":55}}]},"3":{"loc":{"start":{"line":48,"column":17},"end":{"line":48,"column":null}},"type":"cond-expr","locations":[{"start":{"line":48,"column":42},"end":{"line":48,"column":55}},{"start":{"line":48,"column":58},"end":{"line":48,"column":null}}]},"4":{"loc":{"start":{"line":63,"column":6},"end":{"line":69,"column":null}},"type":"if","locations":[{"start":{"line":63,"column":6},"end":{"line":69,"column":null}}]},"5":{"loc":{"start":{"line":63,"column":10},"end":{"line":63,"column":51}},"type":"binary-expr","locations":[{"start":{"line":63,"column":10},"end":{"line":63,"column":26}},{"start":{"line":63,"column":30},"end":{"line":63,"column":51}}]},"6":{"loc":{"start":{"line":71,"column":22},"end":{"line":71,"column":null}},"type":"binary-expr","locations":[{"start":{"line":71,"column":22},"end":{"line":71,"column":38}},{"start":{"line":71,"column":42},"end":{"line":71,"column":null}}]},"7":{"loc":{"start":{"line":73,"column":15},"end":{"line":73,"column":null}},"type":"cond-expr","locations":[{"start":{"line":73,"column":40},"end":{"line":73,"column":53}},{"start":{"line":73,"column":56},"end":{"line":73,"column":null}}]},"8":{"loc":{"start":{"line":86,"column":4},"end":{"line":86,"column":null}},"type":"if","locations":[{"start":{"line":86,"column":4},"end":{"line":86,"column":null}}]},"9":{"loc":{"start":{"line":86,"column":8},"end":{"line":86,"column":28}},"type":"binary-expr","locations":[{"start":{"line":86,"column":8},"end":{"line":86,"column":17}},{"start":{"line":86,"column":17},"end":{"line":86,"column":28}}]},"10":{"loc":{"start":{"line":105,"column":8},"end":{"line":107,"column":null}},"type":"if","locations":[{"start":{"line":105,"column":8},"end":{"line":107,"column":null}}]},"11":{"loc":{"start":{"line":105,"column":12},"end":{"line":105,"column":53}},"type":"binary-expr","locations":[{"start":{"line":105,"column":12},"end":{"line":105,"column":28}},{"start":{"line":105,"column":32},"end":{"line":105,"column":53}}]},"12":{"loc":{"start":{"line":121,"column":2},"end":{"line":121,"column":null}},"type":"if","locations":[{"start":{"line":121,"column":2},"end":{"line":121,"column":null}}]}},"s":{"0":10,"1":0,"2":2,"3":2,"4":2,"5":2,"6":20,"7":0,"8":0,"9":0,"10":0,"11":0,"12":0,"13":0,"14":0,"15":0,"16":0,"17":0,"18":0,"19":0,"20":0,"21":0,"22":0,"23":0,"24":0,"25":0,"26":0,"27":0,"28":0,"29":0,"30":0,"31":0,"32":0,"33":0,"34":0,"35":0,"36":0,"37":0,"38":0,"39":0,"40":0,"41":0,"42":0,"43":0,"44":0,"45":0,"46":0,"47":0,"48":0,"49":2,"50":0,"51":0,"52":0,"53":0},"f":{"0":20,"1":0,"2":0,"3":0,"4":0,"5":0,"6":0,"7":0,"8":0,"9":0},"b":{"0":[0],"1":[0],"2":[0,0],"3":[0,0],"4":[0],"5":[0,0],"6":[0,0],"7":[0,0],"8":[0],"9":[0,0],"10":[0],"11":[0,0],"12":[0]}}
,"C:\\Users\\Win\\Desktop\\le-monde-sucre-de-linda-V2\\frontend\\src\\services\\authService.ts": {"path":"C:\\Users\\Win\\Desktop\\le-monde-sucre-de-linda-V2\\frontend\\src\\services\\authService.ts","statementMap":{"0":{"start":{"line":153,"column":13},"end":{"line":153,"column":27}},"1":{"start":{"line":1,"column":18},"end":{"line":1,"column":null}},"2":{"start":{"line":5,"column":16},"end":{"line":5,"column":null}},"3":{"start":{"line":12,"column":4},"end":{"line":55,"column":null}},"4":{"start":{"line":13,"column":6},"end":{"line":13,"column":null}},"5":{"start":{"line":14,"column":23},"end":{"line":18,"column":null}},"6":{"start":{"line":20,"column":6},"end":{"line":20,"column":null}},"7":{"start":{"line":23,"column":6},"end":{"line":25,"column":null}},"8":{"start":{"line":24,"column":8},"end":{"line":24,"column":null}},"9":{"start":{"line":27,"column":6},"end":{"line":31,"column":null}},"10":{"start":{"line":33,"column":6},"end":{"line":33,"column":null}},"11":{"start":{"line":34,"column":6},"end":{"line":53,"column":null}},"12":{"start":{"line":35,"column":29},"end":{"line":35,"column":75}},"13":{"start":{"line":38,"column":8},"end":{"line":50,"column":null}},"14":{"start":{"line":39,"column":10},"end":{"line":39,"column":null}},"15":{"start":{"line":40,"column":15},"end":{"line":50,"column":null}},"16":{"start":{"line":41,"column":10},"end":{"line":41,"column":null}},"17":{"start":{"line":42,"column":15},"end":{"line":50,"column":null}},"18":{"start":{"line":43,"column":10},"end":{"line":43,"column":null}},"19":{"start":{"line":44,"column":15},"end":{"line":50,"column":null}},"20":{"start":{"line":45,"column":10},"end":{"line":45,"column":null}},"21":{"start":{"line":46,"column":15},"end":{"line":50,"column":null}},"22":{"start":{"line":47,"column":10},"end":{"line":47,"column":null}},"23":{"start":{"line":48,"column":15},"end":{"line":50,"column":null}},"24":{"start":{"line":49,"column":10},"end":{"line":49,"column":null}},"25":{"start":{"line":52,"column":8},"end":{"line":52,"column":null}},"26":{"start":{"line":54,"column":6},"end":{"line":54,"column":null}},"27":{"start":{"line":62,"column":4},"end":{"line":96,"column":null}},"28":{"start":{"line":63,"column":23},"end":{"line":67,"column":null}},"29":{"start":{"line":70,"column":6},"end":{"line":72,"column":null}},"30":{"start":{"line":71,"column":8},"end":{"line":71,"column":null}},"31":{"start":{"line":74,"column":6},"end":{"line":78,"column":null}},"32":{"start":{"line":80,"column":6},"end":{"line":80,"column":null}},"33":{"start":{"line":81,"column":6},"end":{"line":94,"column":null}},"34":{"start":{"line":82,"column":29},"end":{"line":82,"column":75}},"35":{"start":{"line":85,"column":8},"end":{"line":91,"column":null}},"36":{"start":{"line":86,"column":10},"end":{"line":86,"column":null}},"37":{"start":{"line":87,"column":15},"end":{"line":91,"column":null}},"38":{"start":{"line":88,"column":10},"end":{"line":88,"column":null}},"39":{"start":{"line":89,"column":15},"end":{"line":91,"column":null}},"40":{"start":{"line":90,"column":10},"end":{"line":90,"column":null}},"41":{"start":{"line":93,"column":8},"end":{"line":93,"column":null}},"42":{"start":{"line":95,"column":6},"end":{"line":95,"column":null}},"43":{"start":{"line":103,"column":4},"end":{"line":123,"column":null}},"44":{"start":{"line":104,"column":23},"end":{"line":108,"column":null}},"45":{"start":{"line":109,"column":6},"end":{"line":109,"column":null}},"46":{"start":{"line":111,"column":6},"end":{"line":121,"column":null}},"47":{"start":{"line":112,"column":29},"end":{"line":112,"column":75}},"48":{"start":{"line":114,"column":8},"end":{"line":118,"column":null}},"49":{"start":{"line":115,"column":10},"end":{"line":115,"column":null}},"50":{"start":{"line":116,"column":15},"end":{"line":118,"column":null}},"51":{"start":{"line":117,"column":10},"end":{"line":117,"column":null}},"52":{"start":{"line":120,"column":8},"end":{"line":120,"column":null}},"53":{"start":{"line":122,"column":6},"end":{"line":122,"column":null}},"54":{"start":{"line":130,"column":18},"end":{"line":130,"column":null}},"55":{"start":{"line":131,"column":4},"end":{"line":133,"column":null}},"56":{"start":{"line":132,"column":6},"end":{"line":132,"column":null}},"57":{"start":{"line":134,"column":4},"end":{"line":134,"column":null}},"58":{"start":{"line":141,"column":4},"end":{"line":141,"column":null}},"59":{"start":{"line":148,"column":18},"end":{"line":148,"column":null}},"60":{"start":{"line":149,"column":4},"end":{"line":149,"column":null}},"61":{"start":{"line":153,"column":27},"end":{"line":160,"column":null}}},"fnMap":{"0":{"name":"(anonymous_2)","decl":{"start":{"line":11,"column":2},"end":{"line":11,"column":8}},"loc":{"start":{"line":11,"column":54},"end":{"line":56,"column":null}}},"1":{"name":"(anonymous_3)","decl":{"start":{"line":61,"column":2},"end":{"line":61,"column":8}},"loc":{"start":{"line":61,"column":60},"end":{"line":97,"column":null}}},"2":{"name":"(anonymous_4)","decl":{"start":{"line":102,"column":2},"end":{"line":102,"column":8}},"loc":{"start":{"line":102,"column":52},"end":{"line":124,"column":null}}},"3":{"name":"(anonymous_5)","decl":{"start":{"line":129,"column":2},"end":{"line":129,"column":8}},"loc":{"start":{"line":129,"column":48},"end":{"line":135,"column":null}}},"4":{"name":"(anonymous_6)","decl":{"start":{"line":140,"column":2},"end":{"line":140,"column":17}},"loc":{"start":{"line":140,"column":17},"end":{"line":142,"column":null}}},"5":{"name":"(anonymous_7)","decl":{"start":{"line":147,"column":2},"end":{"line":147,"column":29}},"loc":{"start":{"line":147,"column":29},"end":{"line":150,"column":null}}}},"branchMap":{"0":{"loc":{"start":{"line":5,"column":16},"end":{"line":5,"column":null}},"type":"binary-expr","locations":[{"start":{"line":5,"column":16},"end":{"line":5,"column":47}},{"start":{"line":5,"column":51},"end":{"line":5,"column":null}}]},"1":{"loc":{"start":{"line":23,"column":6},"end":{"line":25,"column":null}},"type":"if","locations":[{"start":{"line":23,"column":6},"end":{"line":25,"column":null}}]},"2":{"loc":{"start":{"line":34,"column":6},"end":{"line":53,"column":null}},"type":"if","locations":[{"start":{"line":34,"column":6},"end":{"line":53,"column":null}}]},"3":{"loc":{"start":{"line":35,"column":29},"end":{"line":35,"column":75}},"type":"binary-expr","locations":[{"start":{"line":35,"column":29},"end":{"line":35,"column":62}},{"start":{"line":35,"column":62},"end":{"line":35,"column":75}}]},"4":{"loc":{"start":{"line":38,"column":8},"end":{"line":50,"column":null}},"type":"if","locations":[{"start":{"line":38,"column":8},"end":{"line":50,"column":null}},{"start":{"line":40,"column":15},"end":{"line":50,"column":null}}]},"5":{"loc":{"start":{"line":38,"column":12},"end":{"line":38,"column":101}},"type":"binary-expr","locations":[{"start":{"line":38,"column":12},"end":{"line":38,"column":48}},{"start":{"line":38,"column":48},"end":{"line":38,"column":101}}]},"6":{"loc":{"start":{"line":40,"column":15},"end":{"line":50,"column":null}},"type":"if","locations":[{"start":{"line":40,"column":15},"end":{"line":50,"column":null}},{"start":{"line":42,"column":15},"end":{"line":50,"column":null}}]},"7":{"loc":{"start":{"line":40,"column":19},"end":{"line":40,"column":110}},"type":"binary-expr","locations":[{"start":{"line":40,"column":19},"end":{"line":40,"column":55}},{"start":{"line":40,"column":55},"end":{"line":40,"column":110}}]},"8":{"loc":{"start":{"line":42,"column":15},"end":{"line":50,"column":null}},"type":"if","locations":[{"start":{"line":42,"column":15},"end":{"line":50,"column":null}},{"start":{"line":44,"column":15},"end":{"line":50,"column":null}}]},"9":{"loc":{"start":{"line":42,"column":19},"end":{"line":42,"column":120}},"type":"binary-expr","locations":[{"start":{"line":42,"column":19},"end":{"line":42,"column":57}},{"start":{"line":42,"column":57},"end":{"line":42,"column":120}}]},"10":{"loc":{"start":{"line":44,"column":15},"end":{"line":50,"column":null}},"type":"if","locations":[{"start":{"line":44,"column":15},"end":{"line":50,"column":null}},{"start":{"line":46,"column":15},"end":{"line":50,"column":null}}]},"11":{"loc":{"start":{"line":44,"column":19},"end":{"line":44,"column":86}},"type":"binary-expr","locations":[{"start":{"line":44,"column":19},"end":{"line":44,"column":52}},{"start":{"line":44,"column":52},"end":{"line":44,"column":86}}]},"12":{"loc":{"start":{"line":46,"column":15},"end":{"line":50,"column":null}},"type":"if","locations":[{"start":{"line":46,"column":15},"end":{"line":50,"column":null}},{"start":{"line":48,"column":15},"end":{"line":50,"column":null}}]},"13":{"loc":{"start":{"line":46,"column":19},"end":{"line":46,"column":71}},"type":"binary-expr","locations":[{"start":{"line":46,"column":19},"end":{"line":46,"column":56}},{"start":{"line":46,"column":56},"end":{"line":46,"column":71}}]},"14":{"loc":{"start":{"line":48,"column":15},"end":{"line":50,"column":null}},"type":"if","locations":[{"start":{"line":48,"column":15},"end":{"line":50,"column":null}}]},"15":{"loc":{"start":{"line":48,"column":19},"end":{"line":48,"column":87}},"type":"binary-expr","locations":[{"start":{"line":48,"column":19},"end":{"line":48,"column":51}},{"start":{"line":48,"column":51},"end":{"line":48,"column":87}}]},"16":{"loc":{"start":{"line":70,"column":6},"end":{"line":72,"column":null}},"type":"if","locations":[{"start":{"line":70,"column":6},"end":{"line":72,"column":null}}]},"17":{"loc":{"start":{"line":81,"column":6},"end":{"line":94,"column":null}},"type":"if","locations":[{"start":{"line":81,"column":6},"end":{"line":94,"column":null}}]},"18":{"loc":{"start":{"line":82,"column":29},"end":{"line":82,"column":75}},"type":"binary-expr","locations":[{"start":{"line":82,"column":29},"end":{"line":82,"column":62}},{"start":{"line":82,"column":62},"end":{"line":82,"column":75}}]},"19":{"loc":{"start":{"line":85,"column":8},"end":{"line":91,"column":null}},"type":"if","locations":[{"start":{"line":85,"column":8},"end":{"line":91,"column":null}},{"start":{"line":87,"column":15},"end":{"line":91,"column":null}}]},"20":{"loc":{"start":{"line":85,"column":12},"end":{"line":85,"column":79}},"type":"binary-expr","locations":[{"start":{"line":85,"column":12},"end":{"line":85,"column":46}},{"start":{"line":85,"column":46},"end":{"line":85,"column":79}}]},"21":{"loc":{"start":{"line":87,"column":15},"end":{"line":91,"column":null}},"type":"if","locations":[{"start":{"line":87,"column":15},"end":{"line":91,"column":null}},{"start":{"line":89,"column":15},"end":{"line":91,"column":null}}]},"22":{"loc":{"start":{"line":87,"column":19},"end":{"line":87,"column":95}},"type":"binary-expr","locations":[{"start":{"line":87,"column":19},"end":{"line":87,"column":60}},{"start":{"line":87,"column":60},"end":{"line":87,"column":95}}]},"23":{"loc":{"start":{"line":89,"column":15},"end":{"line":91,"column":null}},"type":"if","locations":[{"start":{"line":89,"column":15},"end":{"line":91,"column":null}}]},"24":{"loc":{"start":{"line":89,"column":19},"end":{"line":89,"column":87}},"type":"binary-expr","locations":[{"start":{"line":89,"column":19},"end":{"line":89,"column":51}},{"start":{"line":89,"column":51},"end":{"line":89,"column":87}}]},"25":{"loc":{"start":{"line":111,"column":6},"end":{"line":121,"column":null}},"type":"if","locations":[{"start":{"line":111,"column":6},"end":{"line":121,"column":null}}]},"26":{"loc":{"start":{"line":112,"column":29},"end":{"line":112,"column":75}},"type":"binary-expr","locations":[{"start":{"line":112,"column":29},"end":{"line":112,"column":62}},{"start":{"line":112,"column":62},"end":{"line":112,"column":75}}]},"27":{"loc":{"start":{"line":114,"column":8},"end":{"line":118,"column":null}},"type":"if","locations":[{"start":{"line":114,"column":8},"end":{"line":118,"column":null}},{"start":{"line":116,"column":15},"end":{"line":118,"column":null}}]},"28":{"loc":{"start":{"line":114,"column":12},"end":{"line":114,"column":101}},"type":"binary-expr","locations":[{"start":{"line":114,"column":12},"end":{"line":114,"column":48}},{"start":{"line":114,"column":48},"end":{"line":114,"column":101}}]},"29":{"loc":{"start":{"line":116,"column":15},"end":{"line":118,"column":null}},"type":"if","locations":[{"start":{"line":116,"column":15},"end":{"line":118,"column":null}}]},"30":{"loc":{"start":{"line":116,"column":19},"end":{"line":116,"column":110}},"type":"binary-expr","locations":[{"start":{"line":116,"column":19},"end":{"line":116,"column":55}},{"start":{"line":116,"column":55},"end":{"line":116,"column":110}}]},"31":{"loc":{"start":{"line":131,"column":4},"end":{"line":133,"column":null}},"type":"if","locations":[{"start":{"line":131,"column":4},"end":{"line":133,"column":null}}]}},"s":{"0":1,"1":3,"2":3,"3":0,"4":0,"5":0,"6":0,"7":0,"8":0,"9":0,"10":0,"11":0,"12":0,"13":0,"14":0,"15":0,"16":0,"17":0,"18":0,"19":0,"20":0,"21":0,"22":0,"23":0,"24":0,"25":0,"26":0,"27":0,"28":0,"29":0,"30":0,"31":0,"32":0,"33":0,"34":0,"35":0,"36":0,"37":0,"38":0,"39":0,"40":0,"41":0,"42":0,"43":0,"44":0,"45":0,"46":0,"47":0,"48":0,"49":0,"50":0,"51":0,"52":0,"53":0,"54":0,"55":0,"56":0,"57":0,"58":0,"59":0,"60":0,"61":3},"f":{"0":0,"1":0,"2":0,"3":0,"4":0,"5":0},"b":{"0":[3,3],"1":[0],"2":[0],"3":[0,0],"4":[0,0],"5":[0,0],"6":[0,0],"7":[0,0],"8":[0,0],"9":[0,0],"10":[0,0],"11":[0,0],"12":[0,0],"13":[0,0],"14":[0],"15":[0,0],"16":[0],"17":[0],"18":[0,0],"19":[0,0],"20":[0,0],"21":[0,0],"22":[0,0],"23":[0],"24":[0,0],"25":[0],"26":[0,0],"27":[0,0],"28":[0,0],"29":[0],"30":[0,0],"31":[0]}}
}
