{"C:\\Users\\Win\\Desktop\\le-monde-sucre-de-linda-V2\\backend\\src\\config\\constants.ts": {"path":"C:\\Users\\Win\\Desktop\\le-monde-sucre-de-linda-V2\\backend\\src\\config\\constants.ts","statementMap":{"0":{"start":{"line":1,"column":0},"end":{"line":1,"column":28}},"1":{"start":{"line":4,"column":0},"end":{"line":4,"column":16}},"2":{"start":{"line":7,"column":13},"end":{"line":7,"column":70}},"3":{"start":{"line":8,"column":13},"end":{"line":8,"column":35}},"4":{"start":{"line":11,"column":13},"end":{"line":11,"column":45}},"5":{"start":{"line":12,"column":13},"end":{"line":12,"column":62}},"6":{"start":{"line":15,"column":13},"end":{"line":15,"column":53}},"7":{"start":{"line":18,"column":13},"end":{"line":18,"column":37}},"8":{"start":{"line":19,"column":13},"end":{"line":19,"column":51}},"9":{"start":{"line":20,"column":13},"end":{"line":20,"column":43}},"10":{"start":{"line":23,"column":13},"end":{"line":28,"column":2}}},"fnMap":{},"branchMap":{"0":{"loc":{"start":{"line":7,"column":26},"end":{"line":7,"column":69}},"type":"binary-expr","locations":[{"start":{"line":7,"column":26},"end":{"line":7,"column":48}},{"start":{"line":7,"column":52},"end":{"line":7,"column":69}}]},"1":{"loc":{"start":{"line":11,"column":20},"end":{"line":11,"column":44}},"type":"binary-expr","locations":[{"start":{"line":11,"column":20},"end":{"line":11,"column":36}},{"start":{"line":11,"column":40},"end":{"line":11,"column":44}}]},"2":{"loc":{"start":{"line":12,"column":24},"end":{"line":12,"column":61}},"type":"binary-expr","locations":[{"start":{"line":12,"column":24},"end":{"line":12,"column":44}},{"start":{"line":12,"column":48},"end":{"line":12,"column":61}}]}},"s":{"0":2,"1":2,"2":2,"3":2,"4":2,"5":2,"6":2,"7":2,"8":2,"9":2,"10":2},"f":{},"b":{"0":[2,0],"1":[2,0],"2":[2,0]}}
,"C:\\Users\\Win\\Desktop\\le-monde-sucre-de-linda-V2\\backend\\src\\config\\database.ts": {"path":"C:\\Users\\Win\\Desktop\\le-monde-sucre-de-linda-V2\\backend\\src\\config\\database.ts","statementMap":{"0":{"start":{"line":1,"column":0},"end":{"line":1,"column":46}},"1":{"start":{"line":3,"column":13},"end":{"line":3,"column":41}}},"fnMap":{},"branchMap":{},"s":{"0":1,"1":1},"f":{},"b":{}}
,"C:\\Users\\Win\\Desktop\\le-monde-sucre-de-linda-V2\\backend\\src\\services\\authService.ts": {"path":"C:\\Users\\Win\\Desktop\\le-monde-sucre-de-linda-V2\\backend\\src\\services\\authService.ts","statementMap":{"0":{"start":{"line":2,"column":0},"end":{"line":2,"column":28}},"1":{"start":{"line":3,"column":0},"end":{"line":3,"column":48}},"2":{"start":{"line":4,"column":0},"end":{"line":4,"column":85}},"3":{"start":{"line":5,"column":0},"end":{"line":5,"column":44}},"4":{"start":{"line":7,"column":0},"end":{"line":7,"column":28}},"5":{"start":{"line":34,"column":18},"end":{"line":40,"column":2}},"6":{"start":{"line":47,"column":4},"end":{"line":148,"column":5}},"7":{"start":{"line":49,"column":27},"end":{"line":51,"column":8}},"8":{"start":{"line":53,"column":6},"end":{"line":55,"column":7}},"9":{"start":{"line":54,"column":8},"end":{"line":54,"column":54}},"10":{"start":{"line":58,"column":29},"end":{"line":60,"column":8}},"11":{"start":{"line":62,"column":6},"end":{"line":64,"column":7}},"12":{"start":{"line":63,"column":8},"end":{"line":63,"column":54}},"13":{"start":{"line":67,"column":29},"end":{"line":67,"column":81}},"14":{"start":{"line":71,"column":6},"end":{"line":92,"column":7}},"15":{"start":{"line":73,"column":29},"end":{"line":75,"column":10}},"16":{"start":{"line":77,"column":8},"end":{"line":88,"column":9}},"17":{"start":{"line":78,"column":10},"end":{"line":78,"column":34}},"18":{"start":{"line":81,"column":10},"end":{"line":87,"column":13}},"19":{"start":{"line":90,"column":8},"end":{"line":90,"column":86}},"20":{"start":{"line":91,"column":8},"end":{"line":91,"column":60}},"21":{"start":{"line":94,"column":6},"end":{"line":96,"column":7}},"22":{"start":{"line":95,"column":8},"end":{"line":95,"column":53}},"23":{"start":{"line":99,"column":21},"end":{"line":130,"column":8}},"24":{"start":{"line":101,"column":24},"end":{"line":109,"column":10}},"25":{"start":{"line":112,"column":8},"end":{"line":117,"column":11}},"26":{"start":{"line":120,"column":8},"end":{"line":129,"column":11}},"27":{"start":{"line":132,"column":6},"end":{"line":134,"column":7}},"28":{"start":{"line":133,"column":8},"end":{"line":133,"column":66}},"29":{"start":{"line":137,"column":20},"end":{"line":137,"column":49}},"30":{"start":{"line":140,"column":51},"end":{"line":140,"column":57}},"31":{"start":{"line":141,"column":6},"end":{"line":141,"column":76}},"32":{"start":{"line":143,"column":6},"end":{"line":143,"column":76}},"33":{"start":{"line":144,"column":6},"end":{"line":146,"column":7}},"34":{"start":{"line":145,"column":8},"end":{"line":145,"column":20}},"35":{"start":{"line":147,"column":6},"end":{"line":147,"column":87}},"36":{"start":{"line":156,"column":17},"end":{"line":165,"column":6}},"37":{"start":{"line":167,"column":4},"end":{"line":169,"column":5}},"38":{"start":{"line":168,"column":6},"end":{"line":168,"column":57}},"39":{"start":{"line":172,"column":28},"end":{"line":172,"column":78}},"40":{"start":{"line":173,"column":4},"end":{"line":175,"column":5}},"41":{"start":{"line":174,"column":6},"end":{"line":174,"column":57}},"42":{"start":{"line":178,"column":18},"end":{"line":178,"column":45}},"43":{"start":{"line":181,"column":49},"end":{"line":181,"column":53}},"44":{"start":{"line":182,"column":4},"end":{"line":182,"column":74}},"45":{"start":{"line":189,"column":17},"end":{"line":198,"column":6}},"46":{"start":{"line":200,"column":4},"end":{"line":202,"column":5}},"47":{"start":{"line":201,"column":6},"end":{"line":201,"column":48}},"48":{"start":{"line":205,"column":49},"end":{"line":205,"column":53}},"49":{"start":{"line":206,"column":4},"end":{"line":206,"column":57}},"50":{"start":{"line":213,"column":33},"end":{"line":213,"column":62}},"51":{"start":{"line":214,"column":4},"end":{"line":214,"column":53}},"52":{"start":{"line":218,"column":9},"end":{"line":218,"column":20}},"53":{"start":{"line":219,"column":13},"end":{"line":219,"column":45}}},"fnMap":{"0":{"name":"(anonymous_1)","decl":{"start":{"line":46,"column":2},"end":{"line":46,"column":7}},"loc":{"start":{"line":46,"column":35},"end":{"line":149,"column":3}}},"1":{"name":"(anonymous_2)","decl":{"start":{"line":99,"column":47},"end":{"line":99,"column":52}},"loc":{"start":{"line":99,"column":60},"end":{"line":130,"column":7}}},"2":{"name":"(anonymous_3)","decl":{"start":{"line":154,"column":2},"end":{"line":154,"column":7}},"loc":{"start":{"line":154,"column":29},"end":{"line":183,"column":3}}},"3":{"name":"(anonymous_4)","decl":{"start":{"line":188,"column":2},"end":{"line":188,"column":7}},"loc":{"start":{"line":188,"column":37},"end":{"line":207,"column":3}}},"4":{"name":"(anonymous_5)","decl":{"start":{"line":212,"column":2},"end":{"line":212,"column":15}},"loc":{"start":{"line":212,"column":30},"end":{"line":215,"column":3}}}},"branchMap":{"0":{"loc":{"start":{"line":39,"column":12},"end":{"line":39,"column":86}},"type":"cond-expr","locations":[{"start":{"line":39,"column":46},"end":{"line":39,"column":67}},{"start":{"line":39,"column":70},"end":{"line":39,"column":86}}]},"1":{"loc":{"start":{"line":53,"column":6},"end":{"line":55,"column":7}},"type":"if","locations":[{"start":{"line":53,"column":6},"end":{"line":55,"column":7}}]},"2":{"loc":{"start":{"line":62,"column":6},"end":{"line":64,"column":7}},"type":"if","locations":[{"start":{"line":62,"column":6},"end":{"line":64,"column":7}}]},"3":{"loc":{"start":{"line":77,"column":8},"end":{"line":88,"column":9}},"type":"if","locations":[{"start":{"line":77,"column":8},"end":{"line":88,"column":9}},{"start":{"line":79,"column":15},"end":{"line":88,"column":9}}]},"4":{"loc":{"start":{"line":94,"column":6},"end":{"line":96,"column":7}},"type":"if","locations":[{"start":{"line":94,"column":6},"end":{"line":96,"column":7}}]},"5":{"loc":{"start":{"line":94,"column":10},"end":{"line":94,"column":35}},"type":"binary-expr","locations":[{"start":{"line":94,"column":10},"end":{"line":94,"column":19}},{"start":{"line":94,"column":23},"end":{"line":94,"column":35}}]},"6":{"loc":{"start":{"line":132,"column":6},"end":{"line":134,"column":7}},"type":"if","locations":[{"start":{"line":132,"column":6},"end":{"line":134,"column":7}}]},"7":{"loc":{"start":{"line":144,"column":6},"end":{"line":146,"column":7}},"type":"if","locations":[{"start":{"line":144,"column":6},"end":{"line":146,"column":7}}]},"8":{"loc":{"start":{"line":167,"column":4},"end":{"line":169,"column":5}},"type":"if","locations":[{"start":{"line":167,"column":4},"end":{"line":169,"column":5}}]},"9":{"loc":{"start":{"line":173,"column":4},"end":{"line":175,"column":5}},"type":"if","locations":[{"start":{"line":173,"column":4},"end":{"line":175,"column":5}}]},"10":{"loc":{"start":{"line":200,"column":4},"end":{"line":202,"column":5}},"type":"if","locations":[{"start":{"line":200,"column":4},"end":{"line":202,"column":5}}]}},"s":{"0":2,"1":2,"2":2,"3":2,"4":2,"5":2,"6":10,"7":10,"8":10,"9":1,"10":9,"11":9,"12":1,"13":8,"14":8,"15":8,"16":8,"17":1,"18":7,"19":1,"20":1,"21":7,"22":6,"23":1,"24":0,"25":0,"26":0,"27":1,"28":0,"29":1,"30":1,"31":1,"32":9,"33":9,"34":9,"35":0,"36":4,"37":4,"38":2,"39":2,"40":2,"41":1,"42":1,"43":1,"44":1,"45":3,"46":3,"47":2,"48":1,"49":1,"50":3,"51":3,"52":2,"53":2},"f":{"0":10,"1":0,"2":4,"3":3,"4":3},"b":{"0":[2,0],"1":[1],"2":[1],"3":[1,7],"4":[6],"5":[7,1],"6":[0],"7":[9],"8":[2],"9":[1],"10":[2]}}
}
