TN:
SF:src\config\constants.ts
FNF:0
FNH:0
DA:1,2
DA:4,2
DA:7,2
DA:8,2
DA:11,2
DA:12,2
DA:15,2
DA:18,2
DA:19,2
DA:20,2
DA:23,2
LF:11
LH:11
BRDA:7,0,0,2
BRDA:7,0,1,0
BRDA:11,1,0,2
BRDA:11,1,1,0
BRDA:12,2,0,2
BRDA:12,2,1,0
BRF:6
BRH:3
end_of_record
TN:
SF:src\config\database.ts
FNF:0
FNH:0
DA:1,1
DA:3,1
LF:2
LH:2
BRF:0
BRH:0
end_of_record
TN:
SF:src\services\authService.ts
FN:46,(anonymous_1)
FN:99,(anonymous_2)
FN:154,(anonymous_3)
FN:188,(anonymous_4)
FN:212,(anonymous_5)
FNF:5
FNH:4
FNDA:10,(anonymous_1)
FNDA:0,(anonymous_2)
FNDA:4,(anonymous_3)
FNDA:3,(anonymous_4)
FNDA:3,(anonymous_5)
DA:2,2
DA:3,2
DA:4,2
DA:5,2
DA:7,2
DA:34,2
DA:47,10
DA:49,10
DA:53,10
DA:54,1
DA:58,9
DA:62,9
DA:63,1
DA:67,8
DA:71,8
DA:73,8
DA:77,8
DA:78,1
DA:81,7
DA:90,1
DA:91,1
DA:94,7
DA:95,6
DA:99,1
DA:101,0
DA:112,0
DA:120,0
DA:132,1
DA:133,0
DA:137,1
DA:140,1
DA:141,1
DA:143,9
DA:144,9
DA:145,9
DA:147,0
DA:156,4
DA:167,4
DA:168,2
DA:172,2
DA:173,2
DA:174,1
DA:178,1
DA:181,1
DA:182,1
DA:189,3
DA:200,3
DA:201,2
DA:205,1
DA:206,1
DA:213,3
DA:214,3
DA:218,2
DA:219,2
LF:54
LH:49
BRDA:39,0,0,2
BRDA:39,0,1,0
BRDA:53,1,0,1
BRDA:62,2,0,1
BRDA:77,3,0,1
BRDA:77,3,1,7
BRDA:94,4,0,6
BRDA:94,5,0,7
BRDA:94,5,1,1
BRDA:132,6,0,0
BRDA:144,7,0,9
BRDA:167,8,0,2
BRDA:173,9,0,1
BRDA:200,10,0,2
BRF:14
BRH:12
end_of_record
